This file contains any messages produced by compilers while
running configure, to aid debugging if configure makes a mistake.

It was created by libserialport configure 0.1.2, which was
generated by GNU Autoconf 2.69.  Invocation command line was

  $ ./configure 

## --------- ##
## Platform. ##
## --------- ##

hostname = LP-5CD338M641
uname -m = x86_64
uname -r = 3.6.4-dea57136.x86_64
uname -s = MINGW64_NT-10.0-22631
uname -v = 2025-09-22 06:28 UTC

/usr/bin/uname -p = unknown
/bin/uname -X     = unknown

/bin/arch              = x86_64
/usr/bin/arch -k       = unknown
/usr/convex/getsysinfo = unknown
/usr/bin/hostinfo      = unknown
/bin/machine           = unknown
/usr/bin/oslevel       = unknown
/bin/universe          = unknown

PATH: /mingw64/bin
PATH: /usr/local/bin
PATH: /usr/bin
PATH: /bin
PATH: /c/Windows/System32
PATH: /c/Windows
PATH: /c/Windows/System32/Wbem
PATH: /c/Windows/System32/WindowsPowerShell/v1.0/
PATH: /usr/bin/site_perl
PATH: /usr/bin/vendor_perl
PATH: /usr/bin/core_perl


## ----------- ##
## Core tests. ##
## ----------- ##

configure:2304: loading site script /etc/config.site
| # This file is in public domain.
| # Original author: Karlson2k (Evgeny Grin)
| # Written for MSys2 to help running 'configure' scripts
| 
| # Defaults for MSys2/MinGW64-targeted programs
| 
| # Set proper selfname on bash and fallback to default name on other shells
| test -n "${BASH_SOURCE}" 2>/dev/null && config_site_me="${BASH_SOURCE[0]##*/}" || config_site_me=config.site
| 
| # Set default 'host' to speedup configure
| if test -z "$build_alias"; then
|   build_alias="${MSYSTEM_CHOST}"  && \
|     ${as_echo-echo} "$config_site_me:${as_lineno-$LINENO}: default build_alias set to $build_alias" >&5
| fi
| 
| # Set default 'prefix'
| if ( test -z "$prefix" || test "x$prefix" = "xNONE" ) && \
|     ( test -z "$exec_prefix" || test "x$exec_prefix" = "xNONE" ); then
|   prefix="${MSYSTEM_PREFIX}" && \
|     ${as_echo-echo} "$config_site_me:${as_lineno-$LINENO}: default prefix set to $prefix" >&5
| fi
config.site:13: default build_alias set to x86_64-w64-mingw32
config.site:20: default prefix set to /mingw64
configure:2452: checking for a BSD-compatible install
configure:2520: result: /usr/bin/install -c
configure:2531: checking whether build environment is sane
configure:2586: result: yes
configure:2732: checking for a thread-safe mkdir -p
configure:2771: result: /usr/bin/mkdir -p
configure:2778: checking for gawk
configure:2794: found /usr/bin/gawk
configure:2805: result: gawk
configure:2816: checking whether make sets $(MAKE)
configure:2838: result: yes
configure:2867: checking whether make supports nested variables
configure:2884: result: yes
configure:3026: checking whether make supports nested variables
configure:3043: result: yes
configure:3058: checking whether make supports the include directive
configure:3073: make -f confmf.GNU && cat confinc.out
this is the am__doit target
configure:3076: $? = 0
configure:3095: result: yes (GNU style)
configure:3165: checking for gcc
configure:3181: found /mingw64/bin/gcc
configure:3192: result: gcc
configure:3421: checking for C compiler version
configure:3430: gcc --version >&5
gcc.exe (Rev8, Built by MSYS2 project) 15.2.0
Copyright (C) 2025 Free Software Foundation, Inc.
This is free software; see the source for copying conditions.  There is NO
warranty; not even for MERCHANTABILITY or FITNESS FOR A PARTICULAR PURPOSE.

configure:3441: $? = 0
configure:3430: gcc -v >&5
Using built-in specs.
COLLECT_GCC=C:\msys64\mingw64\bin\gcc.exe
COLLECT_LTO_WRAPPER=C:/msys64/mingw64/bin/../lib/gcc/x86_64-w64-mingw32/15.2.0/lto-wrapper.exe
Target: x86_64-w64-mingw32
Configured with: ../gcc-15.2.0/configure --prefix=/mingw64 --with-local-prefix=/mingw64/local --with-native-system-header-dir=/mingw64/include --libexecdir=/mingw64/lib --enable-bootstrap --enable-checking=release --with-arch=nocona --with-tune=generic --enable-mingw-wildcard --enable-languages=c,lto,c++,fortran,ada,objc,obj-c++,jit --enable-shared --enable-static --enable-libatomic --enable-threads=posix --enable-graphite --enable-fully-dynamic-string --enable-libstdcxx-backtrace=yes --enable-libstdcxx-filesystem-ts --enable-libstdcxx-time --disable-libstdcxx-pch --enable-lto --enable-libgomp --disable-libssp --disable-multilib --disable-rpath --disable-win32-registry --disable-nls --disable-werror --disable-symvers --with-libiconv --with-system-zlib --with-gmp=/mingw64 --with-mpfr=/mingw64 --with-mpc=/mingw64 --with-isl=/mingw64 --with-pkgversion='Rev8, Built by MSYS2 project' --with-bugurl=https://github.com/msys2/MINGW-packages/issues --with-gnu-as --with-gnu-ld --with-libstdcxx-zoneinfo=yes --disable-libstdcxx-debug --enable-plugin --with-boot-ldflags=-static-libstdc++ --with-stage1-ldflags=-static-libstdc++
Thread model: posix
Supported LTO compression algorithms: zlib zstd
gcc version 15.2.0 (Rev8, Built by MSYS2 project) 
configure:3441: $? = 0
configure:3430: gcc -V >&5
gcc.exe: error: unrecognized command-line option '-V'
gcc.exe: fatal error: no input files
compilation terminated.
configure:3441: $? = 1
configure:3430: gcc -qversion >&5
gcc.exe: error: unrecognized command-line option '-qversion'; did you mean '--version'?
gcc.exe: fatal error: no input files
compilation terminated.
configure:3441: $? = 1
configure:3461: checking whether the C compiler works
configure:3483: gcc    conftest.c  >&5
configure:3487: $? = 0
configure:3535: result: yes
configure:3538: checking for C compiler default output file name
configure:3540: result: a.exe
configure:3546: checking for suffix of executables
configure:3553: gcc -o conftest.exe    conftest.c  >&5
configure:3557: $? = 0
configure:3579: result: .exe
configure:3601: checking whether we are cross compiling
configure:3609: gcc -o conftest.exe    conftest.c  >&5
configure:3613: $? = 0
configure:3620: ./conftest.exe
configure:3624: $? = 0
configure:3639: result: no
configure:3644: checking for suffix of object files
configure:3666: gcc -c   conftest.c >&5
configure:3670: $? = 0
configure:3691: result: o
configure:3695: checking whether we are using the GNU C compiler
configure:3714: gcc -c   conftest.c >&5
configure:3714: $? = 0
configure:3723: result: yes
configure:3732: checking whether gcc accepts -g
configure:3752: gcc -c -g  conftest.c >&5
configure:3752: $? = 0
configure:3793: result: yes
configure:3810: checking for gcc option to accept ISO C89
configure:3873: gcc  -c -g -O2  conftest.c >&5
conftest.c: In function 'e':
conftest.c:15:14: warning: old-style function definition [-Wold-style-definition]
   15 | static char *e (p, i)
      |              ^
configure:3873: $? = 0
configure:3886: result: none needed
configure:3911: checking whether gcc understands -c and -o together
configure:3933: gcc -c conftest.c -o conftest2.o
configure:3936: $? = 0
configure:3933: gcc -c conftest.c -o conftest2.o
configure:3936: $? = 0
configure:3948: result: yes
configure:3967: checking dependency style of gcc
configure:4078: result: gcc3
configure:4143: checking for ar
configure:4159: found /mingw64/bin/ar
configure:4170: result: ar
configure:4196: checking the archiver (ar) interface
configure:4212: gcc -c -g -O2  conftest.c >&5
configure:4212: $? = 0
configure:4214: ar cru libconftest.a conftest.o >&5
C:\msys64\mingw64\bin\ar.exe: `u' modifier ignored since `D' is the default (see `U')
configure:4217: $? = 0
configure:4245: result: ar
configure:4315: checking for gcc
configure:4342: result: gcc
configure:4571: checking for C compiler version
configure:4580: gcc --version >&5
gcc.exe (Rev8, Built by MSYS2 project) 15.2.0
Copyright (C) 2025 Free Software Foundation, Inc.
This is free software; see the source for copying conditions.  There is NO
warranty; not even for MERCHANTABILITY or FITNESS FOR A PARTICULAR PURPOSE.

configure:4591: $? = 0
configure:4580: gcc -v >&5
Using built-in specs.
COLLECT_GCC=C:\msys64\mingw64\bin\gcc.exe
COLLECT_LTO_WRAPPER=C:/msys64/mingw64/bin/../lib/gcc/x86_64-w64-mingw32/15.2.0/lto-wrapper.exe
Target: x86_64-w64-mingw32
Configured with: ../gcc-15.2.0/configure --prefix=/mingw64 --with-local-prefix=/mingw64/local --with-native-system-header-dir=/mingw64/include --libexecdir=/mingw64/lib --enable-bootstrap --enable-checking=release --with-arch=nocona --with-tune=generic --enable-mingw-wildcard --enable-languages=c,lto,c++,fortran,ada,objc,obj-c++,jit --enable-shared --enable-static --enable-libatomic --enable-threads=posix --enable-graphite --enable-fully-dynamic-string --enable-libstdcxx-backtrace=yes --enable-libstdcxx-filesystem-ts --enable-libstdcxx-time --disable-libstdcxx-pch --enable-lto --enable-libgomp --disable-libssp --disable-multilib --disable-rpath --disable-win32-registry --disable-nls --disable-werror --disable-symvers --with-libiconv --with-system-zlib --with-gmp=/mingw64 --with-mpfr=/mingw64 --with-mpc=/mingw64 --with-isl=/mingw64 --with-pkgversion='Rev8, Built by MSYS2 project' --with-bugurl=https://github.com/msys2/MINGW-packages/issues --with-gnu-as --with-gnu-ld --with-libstdcxx-zoneinfo=yes --disable-libstdcxx-debug --enable-plugin --with-boot-ldflags=-static-libstdc++ --with-stage1-ldflags=-static-libstdc++
Thread model: posix
Supported LTO compression algorithms: zlib zstd
gcc version 15.2.0 (Rev8, Built by MSYS2 project) 
configure:4591: $? = 0
configure:4580: gcc -V >&5
gcc.exe: error: unrecognized command-line option '-V'
gcc.exe: fatal error: no input files
compilation terminated.
configure:4591: $? = 1
configure:4580: gcc -qversion >&5
gcc.exe: error: unrecognized command-line option '-qversion'; did you mean '--version'?
gcc.exe: fatal error: no input files
compilation terminated.
configure:4591: $? = 1
configure:4595: checking whether we are using the GNU C compiler
configure:4623: result: yes
configure:4632: checking whether gcc accepts -g
configure:4693: result: yes
configure:4710: checking for gcc option to accept ISO C89
configure:4786: result: none needed
configure:4811: checking whether gcc understands -c and -o together
configure:4848: result: yes
configure:4867: checking dependency style of gcc
configure:4978: result: gcc3
configure:4994: checking whether ln -s works
configure:5001: result: no, using cp -pR
configure:5048: checking build system type
configure:5062: result: x86_64-w64-mingw32
configure:5082: checking host system type
configure:5095: result: x86_64-w64-mingw32
configure:5136: checking how to print strings
configure:5163: result: printf
configure:5184: checking for a sed that does not truncate output
configure:5248: result: /usr/bin/sed
configure:5266: checking for grep that handles long lines and -e
configure:5324: result: /usr/bin/grep
configure:5329: checking for egrep
configure:5391: result: /usr/bin/grep -E
configure:5396: checking for fgrep
configure:5458: result: /usr/bin/grep -F
configure:5493: checking for ld used by gcc
configure:5560: result: C:/msys64/mingw64/x86_64-w64-mingw32/bin/ld.exe
configure:5567: checking if the linker (C:/msys64/mingw64/x86_64-w64-mingw32/bin/ld.exe) is GNU ld
configure:5582: result: yes
configure:5594: checking for BSD- or MS-compatible name lister (nm)
configure:5648: result: /mingw64/bin/nm -B
configure:5778: checking the name lister (/mingw64/bin/nm -B) interface
configure:5785: gcc -c -g -O2  conftest.c >&5
configure:5788: /mingw64/bin/nm -B "conftest.o"
configure:5791: output
0000000000000000 b .bss
0000000000000000 d .data
0000000000000000 N .debug_abbrev
0000000000000000 N .debug_aranges
0000000000000000 N .debug_info
0000000000000000 N .debug_line
0000000000000000 N .debug_line_str
0000000000000000 r .rdata$zzz
0000000000000000 t .text
0000000000000000 B some_variable
configure:5798: result: BSD nm
configure:5802: checking the maximum length of command line arguments
configure:5933: result: 8192
configure:5981: checking how to convert x86_64-w64-mingw32 file names to x86_64-w64-mingw32 format
configure:6021: result: func_convert_file_msys_to_w32
configure:6028: checking how to convert x86_64-w64-mingw32 file names to toolchain format
configure:6048: result: func_convert_file_msys_to_w32
configure:6055: checking for C:/msys64/mingw64/x86_64-w64-mingw32/bin/ld.exe option to reload object files
configure:6062: result: -r
configure:6136: checking for file
configure:6152: found /usr/bin/file
configure:6163: result: file
configure:6234: checking for objdump
configure:6250: found /mingw64/bin/objdump
configure:6261: result: objdump
configure:6293: checking how to recognize dependent libraries
configure:6493: result: file_magic ^x86 archive import|^x86 DLL
configure:6578: checking for dlltool
configure:6594: found /mingw64/bin/dlltool
configure:6605: result: dlltool
configure:6638: checking how to associate runtime and link libraries
configure:6665: result: func_cygming_dll_for_implib
configure:6805: checking for archiver @FILE support
configure:6822: gcc -c -g -O2  conftest.c >&5
configure:6822: $? = 0
configure:6825: ar cr libconftest.a @conftest.lst >&5
configure:6828: $? = 0
configure:6833: ar cr libconftest.a @conftest.lst >&5
C:\msys64\mingw64\bin\ar.exe: conftest.o: No such file or directory
configure:6836: $? = 1
configure:6848: result: @
configure:6906: checking for strip
configure:6922: found /mingw64/bin/strip
configure:6933: result: strip
configure:7005: checking for ranlib
configure:7021: found /mingw64/bin/ranlib
configure:7032: result: ranlib
configure:7134: checking command to parse /mingw64/bin/nm -B output from gcc object
configure:7287: gcc -c -g -O2  conftest.c >&5
configure:7290: $? = 0
configure:7294: /mingw64/bin/nm -B conftest.o \| /usr/bin/sed -n -e 's/^.*[ ]\([ABCDGIRSTW][ABCDGIRSTW]*\)[ ][ ]*\([_A-Za-z][_A-Za-z0-9]*\)\{0,1\}$/\1 \2 \2/p' | /usr/bin/sed '/ __gnu_lto/d' \> conftest.nm
configure:7297: $? = 0
configure:7363: gcc -o conftest.exe -g -O2   conftest.c conftstm.o >&5
configure:7366: $? = 0
configure:7404: result: ok
configure:7451: checking for sysroot
configure:7481: result: no
configure:7488: checking for a working dd
configure:7526: result: /usr/bin/dd
configure:7530: checking how to truncate binary pipes
configure:7545: result: /usr/bin/dd bs=4096 count=1
configure:7874: checking for mt
configure:7904: result: no
configure:7924: checking if : is a manifest tool
configure:7930: : '-?'
configure:7938: result: no
configure:8610: checking how to run the C preprocessor
configure:8641: gcc -E  conftest.c
configure:8641: $? = 0
configure:8655: gcc -E  conftest.c
conftest.c:9:10: fatal error: ac_nonexistent.h: No such file or directory
    9 | #include <ac_nonexistent.h>
      |          ^~~~~~~~~~~~~~~~~~
compilation terminated.
configure:8655: $? = 1
configure: failed program was:
| /* confdefs.h */
| #define PACKAGE_NAME "libserialport"
| #define PACKAGE_TARNAME "libserialport"
| #define PACKAGE_VERSION "0.1.2"
| #define PACKAGE_STRING "libserialport 0.1.2"
| #define PACKAGE_BUGREPORT "martin-libserialport@earth.li"
| #define PACKAGE_URL "http://sigrok.org/wiki/Libserialport"
| /* end confdefs.h.  */
| #include <ac_nonexistent.h>
configure:8680: result: gcc -E
configure:8700: gcc -E  conftest.c
configure:8700: $? = 0
configure:8714: gcc -E  conftest.c
conftest.c:9:10: fatal error: ac_nonexistent.h: No such file or directory
    9 | #include <ac_nonexistent.h>
      |          ^~~~~~~~~~~~~~~~~~
compilation terminated.
configure:8714: $? = 1
configure: failed program was:
| /* confdefs.h */
| #define PACKAGE_NAME "libserialport"
| #define PACKAGE_TARNAME "libserialport"
| #define PACKAGE_VERSION "0.1.2"
| #define PACKAGE_STRING "libserialport 0.1.2"
| #define PACKAGE_BUGREPORT "martin-libserialport@earth.li"
| #define PACKAGE_URL "http://sigrok.org/wiki/Libserialport"
| /* end confdefs.h.  */
| #include <ac_nonexistent.h>
configure:8743: checking for ANSI C header files
configure:8763: gcc -c -g -O2  conftest.c >&5
configure:8763: $? = 0
configure:8836: gcc -o conftest.exe -g -O2   conftest.c  >&5
configure:8836: $? = 0
configure:8836: ./conftest.exe
configure:8836: $? = 0
configure:8847: result: yes
configure:8860: checking for sys/types.h
configure:8860: gcc -c -g -O2  conftest.c >&5
configure:8860: $? = 0
configure:8860: result: yes
configure:8860: checking for sys/stat.h
configure:8860: gcc -c -g -O2  conftest.c >&5
configure:8860: $? = 0
configure:8860: result: yes
configure:8860: checking for stdlib.h
configure:8860: gcc -c -g -O2  conftest.c >&5
configure:8860: $? = 0
configure:8860: result: yes
configure:8860: checking for string.h
configure:8860: gcc -c -g -O2  conftest.c >&5
configure:8860: $? = 0
configure:8860: result: yes
configure:8860: checking for memory.h
configure:8860: gcc -c -g -O2  conftest.c >&5
configure:8860: $? = 0
configure:8860: result: yes
configure:8860: checking for strings.h
configure:8860: gcc -c -g -O2  conftest.c >&5
configure:8860: $? = 0
configure:8860: result: yes
configure:8860: checking for inttypes.h
configure:8860: gcc -c -g -O2  conftest.c >&5
configure:8860: $? = 0
configure:8860: result: yes
configure:8860: checking for stdint.h
configure:8860: gcc -c -g -O2  conftest.c >&5
configure:8860: $? = 0
configure:8860: result: yes
configure:8860: checking for unistd.h
configure:8860: gcc -c -g -O2  conftest.c >&5
configure:8860: $? = 0
configure:8860: result: yes
configure:8874: checking for dlfcn.h
configure:8874: gcc -c -g -O2  conftest.c >&5
conftest.c:53:10: fatal error: dlfcn.h: No such file or directory
   53 | #include <dlfcn.h>
      |          ^~~~~~~~~
compilation terminated.
configure:8874: $? = 1
configure: failed program was:
| /* confdefs.h */
| #define PACKAGE_NAME "libserialport"
| #define PACKAGE_TARNAME "libserialport"
| #define PACKAGE_VERSION "0.1.2"
| #define PACKAGE_STRING "libserialport 0.1.2"
| #define PACKAGE_BUGREPORT "martin-libserialport@earth.li"
| #define PACKAGE_URL "http://sigrok.org/wiki/Libserialport"
| #define STDC_HEADERS 1
| #define HAVE_SYS_TYPES_H 1
| #define HAVE_SYS_STAT_H 1
| #define HAVE_STDLIB_H 1
| #define HAVE_STRING_H 1
| #define HAVE_MEMORY_H 1
| #define HAVE_STRINGS_H 1
| #define HAVE_INTTYPES_H 1
| #define HAVE_STDINT_H 1
| #define HAVE_UNISTD_H 1
| /* end confdefs.h.  */
| #include <stdio.h>
| #ifdef HAVE_SYS_TYPES_H
| # include <sys/types.h>
| #endif
| #ifdef HAVE_SYS_STAT_H
| # include <sys/stat.h>
| #endif
| #ifdef STDC_HEADERS
| # include <stdlib.h>
| # include <stddef.h>
| #else
| # ifdef HAVE_STDLIB_H
| #  include <stdlib.h>
| # endif
| #endif
| #ifdef HAVE_STRING_H
| # if !defined STDC_HEADERS && defined HAVE_MEMORY_H
| #  include <memory.h>
| # endif
| # include <string.h>
| #endif
| #ifdef HAVE_STRINGS_H
| # include <strings.h>
| #endif
| #ifdef HAVE_INTTYPES_H
| # include <inttypes.h>
| #endif
| #ifdef HAVE_STDINT_H
| # include <stdint.h>
| #endif
| #ifdef HAVE_UNISTD_H
| # include <unistd.h>
| #endif
| 
| #include <dlfcn.h>
configure:8874: result: no
configure:9130: checking for objdir
configure:9145: result: .libs
configure:9409: checking if gcc supports -fno-rtti -fno-exceptions
configure:9427: gcc -c -g -O2  -fno-rtti -fno-exceptions conftest.c >&5
cc1.exe: warning: command-line option '-fno-rtti' is valid for C++/D/ObjC++ but not for C
configure:9431: $? = 0
configure:9444: result: no
configure:9802: checking for gcc option to produce PIC
configure:9809: result: -DDLL_EXPORT -DPIC
configure:9817: checking if gcc PIC flag -DDLL_EXPORT -DPIC works
configure:9835: gcc -c -g -O2  -DDLL_EXPORT -DPIC -DPIC conftest.c >&5
configure:9839: $? = 0
configure:9852: result: yes
configure:9881: checking if gcc static flag -static works
configure:9909: result: yes
configure:9924: checking if gcc supports -c -o file.o
configure:9945: gcc -c -g -O2  -o out/conftest2.o conftest.c >&5
configure:9949: $? = 0
configure:9971: result: yes
configure:9979: checking if gcc supports -c -o file.o
configure:10026: result: yes
configure:10059: checking whether the gcc linker (C:/msys64/mingw64/x86_64-w64-mingw32/bin/ld.exe) supports shared libraries
configure:11320: result: yes
configure:11357: checking whether -lc should be explicitly linked in
configure:11365: gcc -c -g -O2  conftest.c >&5
configure:11368: $? = 0
configure:11383: gcc -shared conftest.o  -v -o ./conftest -Wl,--enable-auto-image-base -Xlinker --out-implib -Xlinker conftest 2\>\&1 \| /usr/bin/grep  -lc  \>/dev/null 2\>\&1
configure:11386: $? = 1
configure:11400: result: yes
configure:11560: checking dynamic linker characteristics
configure:12391: result: Win32 ld.exe
configure:12513: checking how to hardcode library paths into programs
configure:12538: result: immediate
configure:13086: checking whether stripping libraries is possible
configure:13095: result: yes
configure:13137: checking if libtool supports shared libraries
configure:13139: result: yes
configure:13142: checking whether to build shared libraries
configure:13167: result: yes
configure:13170: checking whether to build static libraries
configure:13174: result: yes
configure:13337: checking for special C compiler options needed for large files
configure:13382: result: no
configure:13388: checking for _FILE_OFFSET_BITS value needed for large files
configure:13413: gcc -c -g -O2  conftest.c >&5
conftest.c:33:33: warning: left shift count >= width of type [-Wshift-count-overflow]
   33 | #define LARGE_OFF_T (((off_t) 1 << 62) - 1 + ((off_t) 1 << 62))
      |                                 ^~
conftest.c:34:23: note: in expansion of macro 'LARGE_OFF_T'
   34 |   int off_t_is_large[(LARGE_OFF_T % 2147483629 == 721
      |                       ^~~~~~~~~~~
conftest.c:33:57: warning: left shift count >= width of type [-Wshift-count-overflow]
   33 | #define LARGE_OFF_T (((off_t) 1 << 62) - 1 + ((off_t) 1 << 62))
      |                                                         ^~
conftest.c:34:23: note: in expansion of macro 'LARGE_OFF_T'
   34 |   int off_t_is_large[(LARGE_OFF_T % 2147483629 == 721
      |                       ^~~~~~~~~~~
conftest.c:33:33: warning: left shift count >= width of type [-Wshift-count-overflow]
   33 | #define LARGE_OFF_T (((off_t) 1 << 62) - 1 + ((off_t) 1 << 62))
      |                                 ^~
conftest.c:35:27: note: in expansion of macro 'LARGE_OFF_T'
   35 |                        && LARGE_OFF_T % 2147483647 == 1)
      |                           ^~~~~~~~~~~
conftest.c:33:57: warning: left shift count >= width of type [-Wshift-count-overflow]
   33 | #define LARGE_OFF_T (((off_t) 1 << 62) - 1 + ((off_t) 1 << 62))
      |                                                         ^~
conftest.c:35:27: note: in expansion of macro 'LARGE_OFF_T'
   35 |                        && LARGE_OFF_T % 2147483647 == 1)
      |                           ^~~~~~~~~~~
conftest.c:34:7: error: variably modified 'off_t_is_large' at file scope
   34 |   int off_t_is_large[(LARGE_OFF_T % 2147483629 == 721
      |       ^~~~~~~~~~~~~~
configure:13413: $? = 1
configure: failed program was:
| /* confdefs.h */
| #define PACKAGE_NAME "libserialport"
| #define PACKAGE_TARNAME "libserialport"
| #define PACKAGE_VERSION "0.1.2"
| #define PACKAGE_STRING "libserialport 0.1.2"
| #define PACKAGE_BUGREPORT "martin-libserialport@earth.li"
| #define PACKAGE_URL "http://sigrok.org/wiki/Libserialport"
| #define STDC_HEADERS 1
| #define HAVE_SYS_TYPES_H 1
| #define HAVE_SYS_STAT_H 1
| #define HAVE_STDLIB_H 1
| #define HAVE_STRING_H 1
| #define HAVE_MEMORY_H 1
| #define HAVE_STRINGS_H 1
| #define HAVE_INTTYPES_H 1
| #define HAVE_STDINT_H 1
| #define HAVE_UNISTD_H 1
| #define LT_OBJDIR ".libs/"
| #define SP_PACKAGE_VERSION_MAJOR 0
| #define SP_PACKAGE_VERSION_MINOR 1
| #define SP_PACKAGE_VERSION_MICRO 2
| #define SP_PACKAGE_VERSION_STRING "0.1.2"
| #define SP_LIB_VERSION_CURRENT 1
| #define SP_LIB_VERSION_REVISION 1
| #define SP_LIB_VERSION_AGE 1
| #define SP_LIB_VERSION_STRING "1:1:1"
| /* end confdefs.h.  */
| #include <sys/types.h>
|  /* Check that off_t can represent 2**63 - 1 correctly.
|     We can't simply define LARGE_OFF_T to be 9223372036854775807,
|     since some C++ compilers masquerading as C compilers
|     incorrectly reject 9223372036854775807.  */
| #define LARGE_OFF_T (((off_t) 1 << 62) - 1 + ((off_t) 1 << 62))
|   int off_t_is_large[(LARGE_OFF_T % 2147483629 == 721
| 		       && LARGE_OFF_T % 2147483647 == 1)
| 		      ? 1 : -1];
| int
| main ()
| {
| 
|   ;
|   return 0;
| }
configure:13437: gcc -c -g -O2  conftest.c >&5
configure:13437: $? = 0
configure:13445: result: 64
configure:13532: checking for size_t
configure:13532: gcc -c -g -O2  conftest.c >&5
configure:13532: $? = 0
configure:13532: gcc -c -g -O2  conftest.c >&5
conftest.c: In function 'main':
conftest.c:65:21: error: expected expression before ')' token
   65 | if (sizeof ((size_t)))
      |                     ^
configure:13532: $? = 1
configure: failed program was:
| /* confdefs.h */
| #define PACKAGE_NAME "libserialport"
| #define PACKAGE_TARNAME "libserialport"
| #define PACKAGE_VERSION "0.1.2"
| #define PACKAGE_STRING "libserialport 0.1.2"
| #define PACKAGE_BUGREPORT "martin-libserialport@earth.li"
| #define PACKAGE_URL "http://sigrok.org/wiki/Libserialport"
| #define STDC_HEADERS 1
| #define HAVE_SYS_TYPES_H 1
| #define HAVE_SYS_STAT_H 1
| #define HAVE_STDLIB_H 1
| #define HAVE_STRING_H 1
| #define HAVE_MEMORY_H 1
| #define HAVE_STRINGS_H 1
| #define HAVE_INTTYPES_H 1
| #define HAVE_STDINT_H 1
| #define HAVE_UNISTD_H 1
| #define LT_OBJDIR ".libs/"
| #define SP_PACKAGE_VERSION_MAJOR 0
| #define SP_PACKAGE_VERSION_MINOR 1
| #define SP_PACKAGE_VERSION_MICRO 2
| #define SP_PACKAGE_VERSION_STRING "0.1.2"
| #define SP_LIB_VERSION_CURRENT 1
| #define SP_LIB_VERSION_REVISION 1
| #define SP_LIB_VERSION_AGE 1
| #define SP_LIB_VERSION_STRING "1:1:1"
| #define _FILE_OFFSET_BITS 64
| /* end confdefs.h.  */
| #include <stdio.h>
| #ifdef HAVE_SYS_TYPES_H
| # include <sys/types.h>
| #endif
| #ifdef HAVE_SYS_STAT_H
| # include <sys/stat.h>
| #endif
| #ifdef STDC_HEADERS
| # include <stdlib.h>
| # include <stddef.h>
| #else
| # ifdef HAVE_STDLIB_H
| #  include <stdlib.h>
| # endif
| #endif
| #ifdef HAVE_STRING_H
| # if !defined STDC_HEADERS && defined HAVE_MEMORY_H
| #  include <memory.h>
| # endif
| # include <string.h>
| #endif
| #ifdef HAVE_STRINGS_H
| # include <strings.h>
| #endif
| #ifdef HAVE_INTTYPES_H
| # include <inttypes.h>
| #endif
| #ifdef HAVE_STDINT_H
| # include <stdint.h>
| #endif
| #ifdef HAVE_UNISTD_H
| # include <unistd.h>
| #endif
| int
| main ()
| {
| if (sizeof ((size_t)))
| 	    return 0;
|   ;
|   return 0;
| }
configure:13532: result: yes
configure:13545: checking for struct termios2
configure:13545: gcc -c -g -O2  conftest.c >&5
conftest.c:29:10: fatal error: linux/termios.h: No such file or directory
   29 | #include <linux/termios.h>
      |          ^~~~~~~~~~~~~~~~~
compilation terminated.
configure:13545: $? = 1
configure: failed program was:
| /* confdefs.h */
| #define PACKAGE_NAME "libserialport"
| #define PACKAGE_TARNAME "libserialport"
| #define PACKAGE_VERSION "0.1.2"
| #define PACKAGE_STRING "libserialport 0.1.2"
| #define PACKAGE_BUGREPORT "martin-libserialport@earth.li"
| #define PACKAGE_URL "http://sigrok.org/wiki/Libserialport"
| #define STDC_HEADERS 1
| #define HAVE_SYS_TYPES_H 1
| #define HAVE_SYS_STAT_H 1
| #define HAVE_STDLIB_H 1
| #define HAVE_STRING_H 1
| #define HAVE_MEMORY_H 1
| #define HAVE_STRINGS_H 1
| #define HAVE_INTTYPES_H 1
| #define HAVE_STDINT_H 1
| #define HAVE_UNISTD_H 1
| #define LT_OBJDIR ".libs/"
| #define SP_PACKAGE_VERSION_MAJOR 0
| #define SP_PACKAGE_VERSION_MINOR 1
| #define SP_PACKAGE_VERSION_MICRO 2
| #define SP_PACKAGE_VERSION_STRING "0.1.2"
| #define SP_LIB_VERSION_CURRENT 1
| #define SP_LIB_VERSION_REVISION 1
| #define SP_LIB_VERSION_AGE 1
| #define SP_LIB_VERSION_STRING "1:1:1"
| #define _FILE_OFFSET_BITS 64
| /* end confdefs.h.  */
| #include <linux/termios.h>
| 
| int
| main ()
| {
| if (sizeof (struct termios2))
| 	 return 0;
|   ;
|   return 0;
| }
configure:13545: result: no
configure:13556: checking for struct termios.c_ispeed
configure:13556: gcc -c -g -O2  conftest.c >&5
conftest.c:29:10: fatal error: linux/termios.h: No such file or directory
   29 | #include <linux/termios.h>
      |          ^~~~~~~~~~~~~~~~~
compilation terminated.
configure:13556: $? = 1
configure: failed program was:
| /* confdefs.h */
| #define PACKAGE_NAME "libserialport"
| #define PACKAGE_TARNAME "libserialport"
| #define PACKAGE_VERSION "0.1.2"
| #define PACKAGE_STRING "libserialport 0.1.2"
| #define PACKAGE_BUGREPORT "martin-libserialport@earth.li"
| #define PACKAGE_URL "http://sigrok.org/wiki/Libserialport"
| #define STDC_HEADERS 1
| #define HAVE_SYS_TYPES_H 1
| #define HAVE_SYS_STAT_H 1
| #define HAVE_STDLIB_H 1
| #define HAVE_STRING_H 1
| #define HAVE_MEMORY_H 1
| #define HAVE_STRINGS_H 1
| #define HAVE_INTTYPES_H 1
| #define HAVE_STDINT_H 1
| #define HAVE_UNISTD_H 1
| #define LT_OBJDIR ".libs/"
| #define SP_PACKAGE_VERSION_MAJOR 0
| #define SP_PACKAGE_VERSION_MINOR 1
| #define SP_PACKAGE_VERSION_MICRO 2
| #define SP_PACKAGE_VERSION_STRING "0.1.2"
| #define SP_LIB_VERSION_CURRENT 1
| #define SP_LIB_VERSION_REVISION 1
| #define SP_LIB_VERSION_AGE 1
| #define SP_LIB_VERSION_STRING "1:1:1"
| #define _FILE_OFFSET_BITS 64
| /* end confdefs.h.  */
| #include <linux/termios.h>
| 
| int
| main ()
| {
| static struct termios ac_aggr;
| if (ac_aggr.c_ispeed)
| return 0;
|   ;
|   return 0;
| }
configure:13556: gcc -c -g -O2  conftest.c >&5
conftest.c:29:10: fatal error: linux/termios.h: No such file or directory
   29 | #include <linux/termios.h>
      |          ^~~~~~~~~~~~~~~~~
compilation terminated.
configure:13556: $? = 1
configure: failed program was:
| /* confdefs.h */
| #define PACKAGE_NAME "libserialport"
| #define PACKAGE_TARNAME "libserialport"
| #define PACKAGE_VERSION "0.1.2"
| #define PACKAGE_STRING "libserialport 0.1.2"
| #define PACKAGE_BUGREPORT "martin-libserialport@earth.li"
| #define PACKAGE_URL "http://sigrok.org/wiki/Libserialport"
| #define STDC_HEADERS 1
| #define HAVE_SYS_TYPES_H 1
| #define HAVE_SYS_STAT_H 1
| #define HAVE_STDLIB_H 1
| #define HAVE_STRING_H 1
| #define HAVE_MEMORY_H 1
| #define HAVE_STRINGS_H 1
| #define HAVE_INTTYPES_H 1
| #define HAVE_STDINT_H 1
| #define HAVE_UNISTD_H 1
| #define LT_OBJDIR ".libs/"
| #define SP_PACKAGE_VERSION_MAJOR 0
| #define SP_PACKAGE_VERSION_MINOR 1
| #define SP_PACKAGE_VERSION_MICRO 2
| #define SP_PACKAGE_VERSION_STRING "0.1.2"
| #define SP_LIB_VERSION_CURRENT 1
| #define SP_LIB_VERSION_REVISION 1
| #define SP_LIB_VERSION_AGE 1
| #define SP_LIB_VERSION_STRING "1:1:1"
| #define _FILE_OFFSET_BITS 64
| /* end confdefs.h.  */
| #include <linux/termios.h>
| 
| int
| main ()
| {
| static struct termios ac_aggr;
| if (sizeof ac_aggr.c_ispeed)
| return 0;
|   ;
|   return 0;
| }
configure:13556: result: no
configure:13566: checking for struct termios.c_ospeed
configure:13566: gcc -c -g -O2  conftest.c >&5
conftest.c:29:10: fatal error: linux/termios.h: No such file or directory
   29 | #include <linux/termios.h>
      |          ^~~~~~~~~~~~~~~~~
compilation terminated.
configure:13566: $? = 1
configure: failed program was:
| /* confdefs.h */
| #define PACKAGE_NAME "libserialport"
| #define PACKAGE_TARNAME "libserialport"
| #define PACKAGE_VERSION "0.1.2"
| #define PACKAGE_STRING "libserialport 0.1.2"
| #define PACKAGE_BUGREPORT "martin-libserialport@earth.li"
| #define PACKAGE_URL "http://sigrok.org/wiki/Libserialport"
| #define STDC_HEADERS 1
| #define HAVE_SYS_TYPES_H 1
| #define HAVE_SYS_STAT_H 1
| #define HAVE_STDLIB_H 1
| #define HAVE_STRING_H 1
| #define HAVE_MEMORY_H 1
| #define HAVE_STRINGS_H 1
| #define HAVE_INTTYPES_H 1
| #define HAVE_STDINT_H 1
| #define HAVE_UNISTD_H 1
| #define LT_OBJDIR ".libs/"
| #define SP_PACKAGE_VERSION_MAJOR 0
| #define SP_PACKAGE_VERSION_MINOR 1
| #define SP_PACKAGE_VERSION_MICRO 2
| #define SP_PACKAGE_VERSION_STRING "0.1.2"
| #define SP_LIB_VERSION_CURRENT 1
| #define SP_LIB_VERSION_REVISION 1
| #define SP_LIB_VERSION_AGE 1
| #define SP_LIB_VERSION_STRING "1:1:1"
| #define _FILE_OFFSET_BITS 64
| /* end confdefs.h.  */
| #include <linux/termios.h>
| 
| int
| main ()
| {
| static struct termios ac_aggr;
| if (ac_aggr.c_ospeed)
| return 0;
|   ;
|   return 0;
| }
configure:13566: gcc -c -g -O2  conftest.c >&5
conftest.c:29:10: fatal error: linux/termios.h: No such file or directory
   29 | #include <linux/termios.h>
      |          ^~~~~~~~~~~~~~~~~
compilation terminated.
configure:13566: $? = 1
configure: failed program was:
| /* confdefs.h */
| #define PACKAGE_NAME "libserialport"
| #define PACKAGE_TARNAME "libserialport"
| #define PACKAGE_VERSION "0.1.2"
| #define PACKAGE_STRING "libserialport 0.1.2"
| #define PACKAGE_BUGREPORT "martin-libserialport@earth.li"
| #define PACKAGE_URL "http://sigrok.org/wiki/Libserialport"
| #define STDC_HEADERS 1
| #define HAVE_SYS_TYPES_H 1
| #define HAVE_SYS_STAT_H 1
| #define HAVE_STDLIB_H 1
| #define HAVE_STRING_H 1
| #define HAVE_MEMORY_H 1
| #define HAVE_STRINGS_H 1
| #define HAVE_INTTYPES_H 1
| #define HAVE_STDINT_H 1
| #define HAVE_UNISTD_H 1
| #define LT_OBJDIR ".libs/"
| #define SP_PACKAGE_VERSION_MAJOR 0
| #define SP_PACKAGE_VERSION_MINOR 1
| #define SP_PACKAGE_VERSION_MICRO 2
| #define SP_PACKAGE_VERSION_STRING "0.1.2"
| #define SP_LIB_VERSION_CURRENT 1
| #define SP_LIB_VERSION_REVISION 1
| #define SP_LIB_VERSION_AGE 1
| #define SP_LIB_VERSION_STRING "1:1:1"
| #define _FILE_OFFSET_BITS 64
| /* end confdefs.h.  */
| #include <linux/termios.h>
| 
| int
| main ()
| {
| static struct termios ac_aggr;
| if (sizeof ac_aggr.c_ospeed)
| return 0;
|   ;
|   return 0;
| }
configure:13566: result: no
configure:13576: checking for struct termios2.c_ispeed
configure:13576: gcc -c -g -O2  conftest.c >&5
conftest.c:29:10: fatal error: linux/termios.h: No such file or directory
   29 | #include <linux/termios.h>
      |          ^~~~~~~~~~~~~~~~~
compilation terminated.
configure:13576: $? = 1
configure: failed program was:
| /* confdefs.h */
| #define PACKAGE_NAME "libserialport"
| #define PACKAGE_TARNAME "libserialport"
| #define PACKAGE_VERSION "0.1.2"
| #define PACKAGE_STRING "libserialport 0.1.2"
| #define PACKAGE_BUGREPORT "martin-libserialport@earth.li"
| #define PACKAGE_URL "http://sigrok.org/wiki/Libserialport"
| #define STDC_HEADERS 1
| #define HAVE_SYS_TYPES_H 1
| #define HAVE_SYS_STAT_H 1
| #define HAVE_STDLIB_H 1
| #define HAVE_STRING_H 1
| #define HAVE_MEMORY_H 1
| #define HAVE_STRINGS_H 1
| #define HAVE_INTTYPES_H 1
| #define HAVE_STDINT_H 1
| #define HAVE_UNISTD_H 1
| #define LT_OBJDIR ".libs/"
| #define SP_PACKAGE_VERSION_MAJOR 0
| #define SP_PACKAGE_VERSION_MINOR 1
| #define SP_PACKAGE_VERSION_MICRO 2
| #define SP_PACKAGE_VERSION_STRING "0.1.2"
| #define SP_LIB_VERSION_CURRENT 1
| #define SP_LIB_VERSION_REVISION 1
| #define SP_LIB_VERSION_AGE 1
| #define SP_LIB_VERSION_STRING "1:1:1"
| #define _FILE_OFFSET_BITS 64
| /* end confdefs.h.  */
| #include <linux/termios.h>
| 
| int
| main ()
| {
| static struct termios2 ac_aggr;
| if (ac_aggr.c_ispeed)
| return 0;
|   ;
|   return 0;
| }
configure:13576: gcc -c -g -O2  conftest.c >&5
conftest.c:29:10: fatal error: linux/termios.h: No such file or directory
   29 | #include <linux/termios.h>
      |          ^~~~~~~~~~~~~~~~~
compilation terminated.
configure:13576: $? = 1
configure: failed program was:
| /* confdefs.h */
| #define PACKAGE_NAME "libserialport"
| #define PACKAGE_TARNAME "libserialport"
| #define PACKAGE_VERSION "0.1.2"
| #define PACKAGE_STRING "libserialport 0.1.2"
| #define PACKAGE_BUGREPORT "martin-libserialport@earth.li"
| #define PACKAGE_URL "http://sigrok.org/wiki/Libserialport"
| #define STDC_HEADERS 1
| #define HAVE_SYS_TYPES_H 1
| #define HAVE_SYS_STAT_H 1
| #define HAVE_STDLIB_H 1
| #define HAVE_STRING_H 1
| #define HAVE_MEMORY_H 1
| #define HAVE_STRINGS_H 1
| #define HAVE_INTTYPES_H 1
| #define HAVE_STDINT_H 1
| #define HAVE_UNISTD_H 1
| #define LT_OBJDIR ".libs/"
| #define SP_PACKAGE_VERSION_MAJOR 0
| #define SP_PACKAGE_VERSION_MINOR 1
| #define SP_PACKAGE_VERSION_MICRO 2
| #define SP_PACKAGE_VERSION_STRING "0.1.2"
| #define SP_LIB_VERSION_CURRENT 1
| #define SP_LIB_VERSION_REVISION 1
| #define SP_LIB_VERSION_AGE 1
| #define SP_LIB_VERSION_STRING "1:1:1"
| #define _FILE_OFFSET_BITS 64
| /* end confdefs.h.  */
| #include <linux/termios.h>
| 
| int
| main ()
| {
| static struct termios2 ac_aggr;
| if (sizeof ac_aggr.c_ispeed)
| return 0;
|   ;
|   return 0;
| }
configure:13576: result: no
configure:13586: checking for struct termios2.c_ospeed
configure:13586: gcc -c -g -O2  conftest.c >&5
conftest.c:29:10: fatal error: linux/termios.h: No such file or directory
   29 | #include <linux/termios.h>
      |          ^~~~~~~~~~~~~~~~~
compilation terminated.
configure:13586: $? = 1
configure: failed program was:
| /* confdefs.h */
| #define PACKAGE_NAME "libserialport"
| #define PACKAGE_TARNAME "libserialport"
| #define PACKAGE_VERSION "0.1.2"
| #define PACKAGE_STRING "libserialport 0.1.2"
| #define PACKAGE_BUGREPORT "martin-libserialport@earth.li"
| #define PACKAGE_URL "http://sigrok.org/wiki/Libserialport"
| #define STDC_HEADERS 1
| #define HAVE_SYS_TYPES_H 1
| #define HAVE_SYS_STAT_H 1
| #define HAVE_STDLIB_H 1
| #define HAVE_STRING_H 1
| #define HAVE_MEMORY_H 1
| #define HAVE_STRINGS_H 1
| #define HAVE_INTTYPES_H 1
| #define HAVE_STDINT_H 1
| #define HAVE_UNISTD_H 1
| #define LT_OBJDIR ".libs/"
| #define SP_PACKAGE_VERSION_MAJOR 0
| #define SP_PACKAGE_VERSION_MINOR 1
| #define SP_PACKAGE_VERSION_MICRO 2
| #define SP_PACKAGE_VERSION_STRING "0.1.2"
| #define SP_LIB_VERSION_CURRENT 1
| #define SP_LIB_VERSION_REVISION 1
| #define SP_LIB_VERSION_AGE 1
| #define SP_LIB_VERSION_STRING "1:1:1"
| #define _FILE_OFFSET_BITS 64
| /* end confdefs.h.  */
| #include <linux/termios.h>
| 
| int
| main ()
| {
| static struct termios2 ac_aggr;
| if (ac_aggr.c_ospeed)
| return 0;
|   ;
|   return 0;
| }
configure:13586: gcc -c -g -O2  conftest.c >&5
conftest.c:29:10: fatal error: linux/termios.h: No such file or directory
   29 | #include <linux/termios.h>
      |          ^~~~~~~~~~~~~~~~~
compilation terminated.
configure:13586: $? = 1
configure: failed program was:
| /* confdefs.h */
| #define PACKAGE_NAME "libserialport"
| #define PACKAGE_TARNAME "libserialport"
| #define PACKAGE_VERSION "0.1.2"
| #define PACKAGE_STRING "libserialport 0.1.2"
| #define PACKAGE_BUGREPORT "martin-libserialport@earth.li"
| #define PACKAGE_URL "http://sigrok.org/wiki/Libserialport"
| #define STDC_HEADERS 1
| #define HAVE_SYS_TYPES_H 1
| #define HAVE_SYS_STAT_H 1
| #define HAVE_STDLIB_H 1
| #define HAVE_STRING_H 1
| #define HAVE_MEMORY_H 1
| #define HAVE_STRINGS_H 1
| #define HAVE_INTTYPES_H 1
| #define HAVE_STDINT_H 1
| #define HAVE_UNISTD_H 1
| #define LT_OBJDIR ".libs/"
| #define SP_PACKAGE_VERSION_MAJOR 0
| #define SP_PACKAGE_VERSION_MINOR 1
| #define SP_PACKAGE_VERSION_MICRO 2
| #define SP_PACKAGE_VERSION_STRING "0.1.2"
| #define SP_LIB_VERSION_CURRENT 1
| #define SP_LIB_VERSION_REVISION 1
| #define SP_LIB_VERSION_AGE 1
| #define SP_LIB_VERSION_STRING "1:1:1"
| #define _FILE_OFFSET_BITS 64
| /* end confdefs.h.  */
| #include <linux/termios.h>
| 
| int
| main ()
| {
| static struct termios2 ac_aggr;
| if (sizeof ac_aggr.c_ospeed)
| return 0;
|   ;
|   return 0;
| }
configure:13586: result: no
configure:13601: checking whether BOTHER is declared
configure:13601: gcc -c -g -O2  conftest.c >&5
conftest.c:29:10: fatal error: linux/termios.h: No such file or directory
   29 | #include <linux/termios.h>
      |          ^~~~~~~~~~~~~~~~~
compilation terminated.
configure:13601: $? = 1
configure: failed program was:
| /* confdefs.h */
| #define PACKAGE_NAME "libserialport"
| #define PACKAGE_TARNAME "libserialport"
| #define PACKAGE_VERSION "0.1.2"
| #define PACKAGE_STRING "libserialport 0.1.2"
| #define PACKAGE_BUGREPORT "martin-libserialport@earth.li"
| #define PACKAGE_URL "http://sigrok.org/wiki/Libserialport"
| #define STDC_HEADERS 1
| #define HAVE_SYS_TYPES_H 1
| #define HAVE_SYS_STAT_H 1
| #define HAVE_STDLIB_H 1
| #define HAVE_STRING_H 1
| #define HAVE_MEMORY_H 1
| #define HAVE_STRINGS_H 1
| #define HAVE_INTTYPES_H 1
| #define HAVE_STDINT_H 1
| #define HAVE_UNISTD_H 1
| #define LT_OBJDIR ".libs/"
| #define SP_PACKAGE_VERSION_MAJOR 0
| #define SP_PACKAGE_VERSION_MINOR 1
| #define SP_PACKAGE_VERSION_MICRO 2
| #define SP_PACKAGE_VERSION_STRING "0.1.2"
| #define SP_LIB_VERSION_CURRENT 1
| #define SP_LIB_VERSION_REVISION 1
| #define SP_LIB_VERSION_AGE 1
| #define SP_LIB_VERSION_STRING "1:1:1"
| #define _FILE_OFFSET_BITS 64
| /* end confdefs.h.  */
| #include <linux/termios.h>
| 
| int
| main ()
| {
| #ifndef BOTHER
| #ifdef __cplusplus
|   (void) BOTHER;
| #else
|   (void) BOTHER;
| #endif
| #endif
| 
|   ;
|   return 0;
| }
configure:13601: result: no
configure:13615: checking for struct serial_struct
configure:13615: gcc -c -g -O2  conftest.c >&5
conftest.c:30:10: fatal error: linux/serial.h: No such file or directory
   30 | #include <linux/serial.h>
      |          ^~~~~~~~~~~~~~~~
compilation terminated.
configure:13615: $? = 1
configure: failed program was:
| /* confdefs.h */
| #define PACKAGE_NAME "libserialport"
| #define PACKAGE_TARNAME "libserialport"
| #define PACKAGE_VERSION "0.1.2"
| #define PACKAGE_STRING "libserialport 0.1.2"
| #define PACKAGE_BUGREPORT "martin-libserialport@earth.li"
| #define PACKAGE_URL "http://sigrok.org/wiki/Libserialport"
| #define STDC_HEADERS 1
| #define HAVE_SYS_TYPES_H 1
| #define HAVE_SYS_STAT_H 1
| #define HAVE_STDLIB_H 1
| #define HAVE_STRING_H 1
| #define HAVE_MEMORY_H 1
| #define HAVE_STRINGS_H 1
| #define HAVE_INTTYPES_H 1
| #define HAVE_STDINT_H 1
| #define HAVE_UNISTD_H 1
| #define LT_OBJDIR ".libs/"
| #define SP_PACKAGE_VERSION_MAJOR 0
| #define SP_PACKAGE_VERSION_MINOR 1
| #define SP_PACKAGE_VERSION_MICRO 2
| #define SP_PACKAGE_VERSION_STRING "0.1.2"
| #define SP_LIB_VERSION_CURRENT 1
| #define SP_LIB_VERSION_REVISION 1
| #define SP_LIB_VERSION_AGE 1
| #define SP_LIB_VERSION_STRING "1:1:1"
| #define _FILE_OFFSET_BITS 64
| #define HAVE_DECL_BOTHER 0
| /* end confdefs.h.  */
| #include <linux/serial.h>
| 
| int
| main ()
| {
| if (sizeof (struct serial_struct))
| 	 return 0;
|   ;
|   return 0;
| }
configure:13615: result: no
configure:13628: checking for realpath
configure:13628: gcc -o conftest.exe -g -O2   conftest.c  >&5
C:/msys64/mingw64/bin/../lib/gcc/x86_64-w64-mingw32/15.2.0/../../../../x86_64-w64-mingw32/bin/ld.exe: C:\msys64\tmp\ccgpQG68.o: in function `main':
C:/Users/AY3948/An-Open-Source-Data-Acquisition-Software/libserialport-0.1.2/conftest.c:64:(.text.startup+0xa): undefined reference to `realpath'
collect2.exe: error: ld returned 1 exit status
configure:13628: $? = 1
configure: failed program was:
| /* confdefs.h */
| #define PACKAGE_NAME "libserialport"
| #define PACKAGE_TARNAME "libserialport"
| #define PACKAGE_VERSION "0.1.2"
| #define PACKAGE_STRING "libserialport 0.1.2"
| #define PACKAGE_BUGREPORT "martin-libserialport@earth.li"
| #define PACKAGE_URL "http://sigrok.org/wiki/Libserialport"
| #define STDC_HEADERS 1
| #define HAVE_SYS_TYPES_H 1
| #define HAVE_SYS_STAT_H 1
| #define HAVE_STDLIB_H 1
| #define HAVE_STRING_H 1
| #define HAVE_MEMORY_H 1
| #define HAVE_STRINGS_H 1
| #define HAVE_INTTYPES_H 1
| #define HAVE_STDINT_H 1
| #define HAVE_UNISTD_H 1
| #define LT_OBJDIR ".libs/"
| #define SP_PACKAGE_VERSION_MAJOR 0
| #define SP_PACKAGE_VERSION_MINOR 1
| #define SP_PACKAGE_VERSION_MICRO 2
| #define SP_PACKAGE_VERSION_STRING "0.1.2"
| #define SP_LIB_VERSION_CURRENT 1
| #define SP_LIB_VERSION_REVISION 1
| #define SP_LIB_VERSION_AGE 1
| #define SP_LIB_VERSION_STRING "1:1:1"
| #define _FILE_OFFSET_BITS 64
| #define HAVE_DECL_BOTHER 0
| /* end confdefs.h.  */
| /* Define realpath to an innocuous variant, in case <limits.h> declares realpath.
|    For example, HP-UX 11i <limits.h> declares gettimeofday.  */
| #define realpath innocuous_realpath
| 
| /* System header to define __stub macros and hopefully few prototypes,
|     which can conflict with char realpath (); below.
|     Prefer <limits.h> to <assert.h> if __STDC__ is defined, since
|     <limits.h> exists even on freestanding compilers.  */
| 
| #ifdef __STDC__
| # include <limits.h>
| #else
| # include <assert.h>
| #endif
| 
| #undef realpath
| 
| /* Override any GCC internal prototype to avoid an error.
|    Use char because int might match the return type of a GCC
|    builtin and then its argument prototype would still apply.  */
| #ifdef __cplusplus
| extern "C"
| #endif
| char realpath ();
| /* The GNU C library defines this for functions which it implements
|     to always fail with ENOSYS.  Some functions are actually named
|     something starting with __ and the normal name is an alias.  */
| #if defined __stub_realpath || defined __stub___realpath
| choke me
| #endif
| 
| int
| main ()
| {
| return realpath ();
|   ;
|   return 0;
| }
configure:13628: result: no
configure:13637: checking sys/file.h usability
configure:13637: gcc -c -g -O2  conftest.c >&5
configure:13637: $? = 0
configure:13637: result: yes
configure:13637: checking sys/file.h presence
configure:13637: gcc -E  conftest.c
configure:13637: $? = 0
configure:13637: result: yes
configure:13637: checking for sys/file.h
configure:13637: result: yes
configure:13645: checking for flock
configure:13645: gcc -o conftest.exe -g -O2   conftest.c  >&5
C:/msys64/mingw64/bin/../lib/gcc/x86_64-w64-mingw32/15.2.0/../../../../x86_64-w64-mingw32/bin/ld.exe: C:\msys64\tmp\cc4zEcVs.o: in function `main':
C:/Users/AY3948/An-Open-Source-Data-Acquisition-Software/libserialport-0.1.2/conftest.c:65:(.text.startup+0xa): undefined reference to `flock'
collect2.exe: error: ld returned 1 exit status
configure:13645: $? = 1
configure: failed program was:
| /* confdefs.h */
| #define PACKAGE_NAME "libserialport"
| #define PACKAGE_TARNAME "libserialport"
| #define PACKAGE_VERSION "0.1.2"
| #define PACKAGE_STRING "libserialport 0.1.2"
| #define PACKAGE_BUGREPORT "martin-libserialport@earth.li"
| #define PACKAGE_URL "http://sigrok.org/wiki/Libserialport"
| #define STDC_HEADERS 1
| #define HAVE_SYS_TYPES_H 1
| #define HAVE_SYS_STAT_H 1
| #define HAVE_STDLIB_H 1
| #define HAVE_STRING_H 1
| #define HAVE_MEMORY_H 1
| #define HAVE_STRINGS_H 1
| #define HAVE_INTTYPES_H 1
| #define HAVE_STDINT_H 1
| #define HAVE_UNISTD_H 1
| #define LT_OBJDIR ".libs/"
| #define SP_PACKAGE_VERSION_MAJOR 0
| #define SP_PACKAGE_VERSION_MINOR 1
| #define SP_PACKAGE_VERSION_MICRO 2
| #define SP_PACKAGE_VERSION_STRING "0.1.2"
| #define SP_LIB_VERSION_CURRENT 1
| #define SP_LIB_VERSION_REVISION 1
| #define SP_LIB_VERSION_AGE 1
| #define SP_LIB_VERSION_STRING "1:1:1"
| #define _FILE_OFFSET_BITS 64
| #define HAVE_DECL_BOTHER 0
| #define HAVE_SYS_FILE_H 1
| /* end confdefs.h.  */
| /* Define flock to an innocuous variant, in case <limits.h> declares flock.
|    For example, HP-UX 11i <limits.h> declares gettimeofday.  */
| #define flock innocuous_flock
| 
| /* System header to define __stub macros and hopefully few prototypes,
|     which can conflict with char flock (); below.
|     Prefer <limits.h> to <assert.h> if __STDC__ is defined, since
|     <limits.h> exists even on freestanding compilers.  */
| 
| #ifdef __STDC__
| # include <limits.h>
| #else
| # include <assert.h>
| #endif
| 
| #undef flock
| 
| /* Override any GCC internal prototype to avoid an error.
|    Use char because int might match the return type of a GCC
|    builtin and then its argument prototype would still apply.  */
| #ifdef __cplusplus
| extern "C"
| #endif
| char flock ();
| /* The GNU C library defines this for functions which it implements
|     to always fail with ENOSYS.  Some functions are actually named
|     something starting with __ and the normal name is an alias.  */
| #if defined __stub_flock || defined __stub___flock
| choke me
| #endif
| 
| int
| main ()
| {
| return flock ();
|   ;
|   return 0;
| }
configure:13645: result: no
configure:13654: checking for clock_gettime
configure:13654: gcc -o conftest.exe -g -O2   conftest.c  >&5
configure:13654: $? = 0
configure:13654: result: yes
configure:13662: checking for visibility control
configure:13674: gcc -c -g -O2 -Werror  conftest.c >&5
conftest.c: In function 'foo':
conftest.c:32:55: error: visibility attribute not supported in this configuration; ignored [-Werror=attributes]
   32 | __attribute__((visibility("hidden"))) void foo(void) {}
      |                                                       ^
cc1.exe: all warnings being treated as errors
configure:13674: $? = 1
configure: failed program was:
| /* confdefs.h */
| #define PACKAGE_NAME "libserialport"
| #define PACKAGE_TARNAME "libserialport"
| #define PACKAGE_VERSION "0.1.2"
| #define PACKAGE_STRING "libserialport 0.1.2"
| #define PACKAGE_BUGREPORT "martin-libserialport@earth.li"
| #define PACKAGE_URL "http://sigrok.org/wiki/Libserialport"
| #define STDC_HEADERS 1
| #define HAVE_SYS_TYPES_H 1
| #define HAVE_SYS_STAT_H 1
| #define HAVE_STDLIB_H 1
| #define HAVE_STRING_H 1
| #define HAVE_MEMORY_H 1
| #define HAVE_STRINGS_H 1
| #define HAVE_INTTYPES_H 1
| #define HAVE_STDINT_H 1
| #define HAVE_UNISTD_H 1
| #define LT_OBJDIR ".libs/"
| #define SP_PACKAGE_VERSION_MAJOR 0
| #define SP_PACKAGE_VERSION_MINOR 1
| #define SP_PACKAGE_VERSION_MICRO 2
| #define SP_PACKAGE_VERSION_STRING "0.1.2"
| #define SP_LIB_VERSION_CURRENT 1
| #define SP_LIB_VERSION_REVISION 1
| #define SP_LIB_VERSION_AGE 1
| #define SP_LIB_VERSION_STRING "1:1:1"
| #define _FILE_OFFSET_BITS 64
| #define HAVE_DECL_BOTHER 0
| #define HAVE_SYS_FILE_H 1
| #define HAVE_CLOCK_GETTIME 1
| /* end confdefs.h.  */
| __attribute__((visibility("hidden"))) void foo(void) {}
configure:13681: gcc -c -g -O2 -Werror  conftest.c >&5
configure:13681: $? = 0
configure:13692: result: declspec
configure:13818: checking that generated files are newer than configure
configure:13824: result: done
configure:13867: creating ./config.status

## ---------------------- ##
## Running config.status. ##
## ---------------------- ##

This file was extended by libserialport config.status 0.1.2, which was
generated by GNU Autoconf 2.69.  Invocation command line was

  CONFIG_FILES    = 
  CONFIG_HEADERS  = 
  CONFIG_LINKS    = 
  CONFIG_COMMANDS = 
  $ ./config.status 

on LP-5CD338M641

config.status:1128: creating Makefile
config.status:1128: creating libserialport.pc
config.status:1128: creating config.h
config.status:1309: config.h is unchanged
config.status:1357: executing depfiles commands
config.status:1434: cd .       && sed -e '/# am--include-marker/d' Makefile         | make -f - am--depfiles
config.status:1439: $? = 0
config.status:1357: executing libtool commands

## ---------------- ##
## Cache variables. ##
## ---------------- ##

ac_cv_build=x86_64-w64-mingw32
ac_cv_c_compiler_gnu=yes
ac_cv_env_CC_set=
ac_cv_env_CC_value=
ac_cv_env_CFLAGS_set=
ac_cv_env_CFLAGS_value=
ac_cv_env_CPPFLAGS_set=
ac_cv_env_CPPFLAGS_value=
ac_cv_env_CPP_set=
ac_cv_env_CPP_value=
ac_cv_env_LDFLAGS_set=
ac_cv_env_LDFLAGS_value=
ac_cv_env_LIBS_set=
ac_cv_env_LIBS_value=
ac_cv_env_LT_SYS_LIBRARY_PATH_set=
ac_cv_env_LT_SYS_LIBRARY_PATH_value=
ac_cv_env_build_alias_set=
ac_cv_env_build_alias_value=
ac_cv_env_host_alias_set=
ac_cv_env_host_alias_value=
ac_cv_env_target_alias_set=
ac_cv_env_target_alias_value=
ac_cv_exeext=.exe
ac_cv_func_clock_gettime=yes
ac_cv_func_flock=no
ac_cv_func_realpath=no
ac_cv_have_decl_BOTHER=no
ac_cv_header_dlfcn_h=no
ac_cv_header_inttypes_h=yes
ac_cv_header_memory_h=yes
ac_cv_header_stdc=yes
ac_cv_header_stdint_h=yes
ac_cv_header_stdlib_h=yes
ac_cv_header_string_h=yes
ac_cv_header_strings_h=yes
ac_cv_header_sys_file_h=yes
ac_cv_header_sys_stat_h=yes
ac_cv_header_sys_types_h=yes
ac_cv_header_unistd_h=yes
ac_cv_host=x86_64-w64-mingw32
ac_cv_member_struct_termios2_c_ispeed=no
ac_cv_member_struct_termios2_c_ospeed=no
ac_cv_member_struct_termios_c_ispeed=no
ac_cv_member_struct_termios_c_ospeed=no
ac_cv_objext=o
ac_cv_path_EGREP='/usr/bin/grep -E'
ac_cv_path_FGREP='/usr/bin/grep -F'
ac_cv_path_GREP=/usr/bin/grep
ac_cv_path_SED=/usr/bin/sed
ac_cv_path_install='/usr/bin/install -c'
ac_cv_path_lt_DD=/usr/bin/dd
ac_cv_path_mkdir=/usr/bin/mkdir
ac_cv_prog_AWK=gawk
ac_cv_prog_CPP='gcc -E'
ac_cv_prog_ac_ct_AR=ar
ac_cv_prog_ac_ct_CC=gcc
ac_cv_prog_ac_ct_DLLTOOL=dlltool
ac_cv_prog_ac_ct_FILECMD=file
ac_cv_prog_ac_ct_OBJDUMP=objdump
ac_cv_prog_ac_ct_RANLIB=ranlib
ac_cv_prog_ac_ct_STRIP=strip
ac_cv_prog_cc_c89=
ac_cv_prog_cc_g=yes
ac_cv_prog_make_make_set=yes
ac_cv_sys_file_offset_bits=64
ac_cv_sys_largefile_CC=no
ac_cv_type_size_t=yes
ac_cv_type_struct_serial_struct=no
ac_cv_type_struct_termios2=no
am_cv_CC_dependencies_compiler_type=gcc3
am_cv_ar_interface=ar
am_cv_make_support_nested_variables=yes
am_cv_prog_cc_c_o=yes
lt_cv_ar_at_file=@
lt_cv_archive_cmds_need_lc=yes
lt_cv_deplibs_check_method='file_magic ^x86 archive import|^x86 DLL'
lt_cv_file_magic_cmd=func_win32_libid
lt_cv_file_magic_test_file=
lt_cv_ld_reload_flag=-r
lt_cv_nm_interface='BSD nm'
lt_cv_objdir=.libs
lt_cv_path_LD=C:/msys64/mingw64/x86_64-w64-mingw32/bin/ld.exe
lt_cv_path_NM='/mingw64/bin/nm -B'
lt_cv_path_mainfest_tool=no
lt_cv_prog_compiler_c_o=yes
lt_cv_prog_compiler_pic='-DDLL_EXPORT -DPIC'
lt_cv_prog_compiler_pic_works=yes
lt_cv_prog_compiler_rtti_exceptions=no
lt_cv_prog_compiler_static_works=yes
lt_cv_prog_gnu_ld=yes
lt_cv_sharedlib_from_linklib_cmd=func_cygming_dll_for_implib
lt_cv_sys_global_symbol_pipe='/usr/bin/sed -n -e '\''s/^.*[	 ]\([ABCDGIRSTW][ABCDGIRSTW]*\)[	 ][	 ]*\([_A-Za-z][_A-Za-z0-9]*\)\{0,1\}$/\1 \2 \2/p'\'' | /usr/bin/sed '\''/ __gnu_lto/d'\'''
lt_cv_sys_global_symbol_to_c_name_address='/usr/bin/sed -n -e '\''s/^: \(.*\) .*$/  {"\1", (void *) 0},/p'\'' -e '\''s/^[ABCDGIRSTW][ABCDGIRSTW]* .* \(.*\)$/  {"\1", (void *) \&\1},/p'\'''
lt_cv_sys_global_symbol_to_c_name_address_lib_prefix='/usr/bin/sed -n -e '\''s/^: \(.*\) .*$/  {"\1", (void *) 0},/p'\'' -e '\''s/^[ABCDGIRSTW][ABCDGIRSTW]* .* \(lib.*\)$/  {"\1", (void *) \&\1},/p'\'' -e '\''s/^[ABCDGIRSTW][ABCDGIRSTW]* .* \(.*\)$/  {"lib\1", (void *) \&\1},/p'\'''
lt_cv_sys_global_symbol_to_cdecl='/usr/bin/sed -n -e '\''s/^T .* \(.*\)$/extern int \1();/p'\'' -e '\''s/^[ABCDGIRSTW][ABCDGIRSTW]* .* \(.*\)$/extern char \1;/p'\'''
lt_cv_sys_global_symbol_to_import=
lt_cv_sys_max_cmd_len=8192
lt_cv_to_host_file_cmd=func_convert_file_msys_to_w32
lt_cv_to_tool_file_cmd=func_convert_file_msys_to_w32
lt_cv_truncate_bin='/usr/bin/dd bs=4096 count=1'
sp_cv_visibility_control=declspec

## ----------------- ##
## Output variables. ##
## ----------------- ##

ACLOCAL='${SHELL} '\''/c/Users/AY3948/An-Open-Source-Data-Acquisition-Software/libserialport-0.1.2/autostuff/missing'\'' aclocal-1.16'
AMDEPBACKSLASH='\'
AMDEP_FALSE='#'
AMDEP_TRUE=''
AMTAR='$${TAR-tar}'
AM_BACKSLASH='\'
AM_DEFAULT_V='$(AM_DEFAULT_VERBOSITY)'
AM_DEFAULT_VERBOSITY='0'
AM_V='$(V)'
AR='ar'
AUTOCONF='${SHELL} '\''/c/Users/AY3948/An-Open-Source-Data-Acquisition-Software/libserialport-0.1.2/autostuff/missing'\'' autoconf'
AUTOHEADER='${SHELL} '\''/c/Users/AY3948/An-Open-Source-Data-Acquisition-Software/libserialport-0.1.2/autostuff/missing'\'' autoheader'
AUTOMAKE='${SHELL} '\''/c/Users/AY3948/An-Open-Source-Data-Acquisition-Software/libserialport-0.1.2/autostuff/missing'\'' automake-1.16'
AWK='gawk'
CC='gcc'
CCDEPMODE='depmode=gcc3'
CFLAGS='-g -O2'
CPP='gcc -E'
CPPFLAGS=''
CSCOPE='cscope'
CTAGS='ctags'
CYGPATH_W='cygpath -w'
DEFS='-DHAVE_CONFIG_H'
DEPDIR='.deps'
DLLTOOL='dlltool'
DSYMUTIL=''
DUMPBIN=''
ECHO_C=''
ECHO_N='-n'
ECHO_T=''
EGREP='/usr/bin/grep -E'
ETAGS='etags'
EXEEXT='.exe'
FGREP='/usr/bin/grep -F'
FILECMD='file'
FREEBSD_FALSE=''
FREEBSD_TRUE='#'
GREP='/usr/bin/grep'
INSTALL_DATA='${INSTALL} -m 644'
INSTALL_PROGRAM='${INSTALL}'
INSTALL_SCRIPT='${INSTALL}'
INSTALL_STRIP_PROGRAM='$(install_sh) -c -s'
LD='C:/msys64/mingw64/x86_64-w64-mingw32/bin/ld.exe'
LDFLAGS=''
LIBOBJS=''
LIBS=''
LIBTOOL='$(SHELL) $(top_builddir)/libtool'
LINUX_FALSE=''
LINUX_TRUE='#'
LIPO=''
LN_S='cp -pR'
LTLIBOBJS=''
LT_SYS_LIBRARY_PATH=''
MACOSX_FALSE=''
MACOSX_TRUE='#'
MAKEINFO='${SHELL} '\''/c/Users/AY3948/An-Open-Source-Data-Acquisition-Software/libserialport-0.1.2/autostuff/missing'\'' makeinfo'
MANIFEST_TOOL=':'
MKDIR_P='/usr/bin/mkdir -p'
NM='/mingw64/bin/nm -B'
NMEDIT=''
OBJDUMP='objdump'
OBJEXT='o'
OTOOL64=''
OTOOL=''
PACKAGE='libserialport'
PACKAGE_BUGREPORT='martin-libserialport@earth.li'
PACKAGE_NAME='libserialport'
PACKAGE_STRING='libserialport 0.1.2'
PACKAGE_TARNAME='libserialport'
PACKAGE_URL='http://sigrok.org/wiki/Libserialport'
PACKAGE_VERSION='0.1.2'
PATH_SEPARATOR=':'
RANLIB='ranlib'
SED='/usr/bin/sed'
SET_MAKE=''
SHELL='/bin/sh'
SP_LIBS='-lsetupapi'
SP_LIB_VERSION='1:1:1'
SP_PACKAGE_VERSION='0.1.2'
SP_PKGLIBS=''
STRIP='strip'
VERSION='0.1.2'
WIN32_FALSE='#'
WIN32_TRUE=''
ac_ct_AR='ar'
ac_ct_CC='gcc'
ac_ct_DUMPBIN=''
am__EXEEXT_FALSE='#'
am__EXEEXT_TRUE=''
am__fastdepCC_FALSE='#'
am__fastdepCC_TRUE=''
am__include='include'
am__isrc=''
am__leading_dot='.'
am__nodep='_no'
am__quote=''
am__tar='$${TAR-tar} chof - "$$tardir"'
am__untar='$${TAR-tar} xf -'
bindir='${exec_prefix}/bin'
build='x86_64-w64-mingw32'
build_alias='x86_64-w64-mingw32'
build_cpu='x86_64'
build_os='mingw32'
build_vendor='w64'
datadir='${datarootdir}'
datarootdir='${prefix}/share'
docdir='${datarootdir}/doc/${PACKAGE_TARNAME}'
dvidir='${docdir}'
exec_prefix='${prefix}'
host='x86_64-w64-mingw32'
host_alias=''
host_cpu='x86_64'
host_os='mingw32'
host_vendor='w64'
htmldir='${docdir}'
includedir='${prefix}/include'
infodir='${datarootdir}/info'
install_sh='${SHELL} /c/Users/AY3948/An-Open-Source-Data-Acquisition-Software/libserialport-0.1.2/autostuff/install-sh'
libdir='${exec_prefix}/lib'
libexecdir='${exec_prefix}/libexec'
localedir='${datarootdir}/locale'
localstatedir='${prefix}/var'
mandir='${datarootdir}/man'
mkdir_p='$(MKDIR_P)'
oldincludedir='/usr/include'
pdfdir='${docdir}'
prefix='/mingw64'
program_transform_name='s,x,x,'
psdir='${docdir}'
runstatedir='${localstatedir}/run'
sbindir='${exec_prefix}/sbin'
sharedstatedir='${prefix}/com'
sysconfdir='${prefix}/etc'
target_alias=''

## ----------- ##
## confdefs.h. ##
## ----------- ##

/* confdefs.h */
#define PACKAGE_NAME "libserialport"
#define PACKAGE_TARNAME "libserialport"
#define PACKAGE_VERSION "0.1.2"
#define PACKAGE_STRING "libserialport 0.1.2"
#define PACKAGE_BUGREPORT "martin-libserialport@earth.li"
#define PACKAGE_URL "http://sigrok.org/wiki/Libserialport"
#define STDC_HEADERS 1
#define HAVE_SYS_TYPES_H 1
#define HAVE_SYS_STAT_H 1
#define HAVE_STDLIB_H 1
#define HAVE_STRING_H 1
#define HAVE_MEMORY_H 1
#define HAVE_STRINGS_H 1
#define HAVE_INTTYPES_H 1
#define HAVE_STDINT_H 1
#define HAVE_UNISTD_H 1
#define LT_OBJDIR ".libs/"
#define SP_PACKAGE_VERSION_MAJOR 0
#define SP_PACKAGE_VERSION_MINOR 1
#define SP_PACKAGE_VERSION_MICRO 2
#define SP_PACKAGE_VERSION_STRING "0.1.2"
#define SP_LIB_VERSION_CURRENT 1
#define SP_LIB_VERSION_REVISION 1
#define SP_LIB_VERSION_AGE 1
#define SP_LIB_VERSION_STRING "1:1:1"
#define _FILE_OFFSET_BITS 64
#define HAVE_DECL_BOTHER 0
#define HAVE_SYS_FILE_H 1
#define HAVE_CLOCK_GETTIME 1
#define SP_API __declspec(dllexport)
#define SP_PRIV 

configure: exit 0
